2021/11/03 19:46:01 Logging to a file in Go!
2021/11/03 19:46:01 --- SERVER APP ---
2021/11/03 19:46:01 ----UPDATED LAMPORT TIME: 0 
2021/11/03 19:46:01 server listening at [::]:50051
2021/11/03 19:46:49 Client connected: Mr. Logger 
2021/11/03 19:46:49 ----UPDATED LAMPORT TIME: 2 
2021/11/03 19:46:49 [{Mr. Logger 0xc0002bc0c0 connected}]
2021/11/03 19:46:49 1111
2021/11/03 19:46:49 t:2 sender:"Mr. Logger" message:"Participant Mr. Logger joined Chitty-Chat at Lamport time 2"
2021/11/03 19:46:49 0xc0002bc0c0
2021/11/03 19:46:49 2222
2021/11/03 19:46:49 Received message: t:2 sender:"Mr. Logger" message:"Participant Mr. Logger joined Chitty-Chat at Lamport time 2" 
2021/11/03 19:47:12 Client connected: Logger man 
2021/11/03 19:47:12 ----UPDATED LAMPORT TIME: 3 
2021/11/03 19:47:12 [{Mr. Logger 0xc0002bc0c0 connected} {Logger man 0xc0000ae180 connected}]
2021/11/03 19:47:12 1111
2021/11/03 19:47:12 t:3 sender:"Logger man" message:"Participant Logger man joined Chitty-Chat at Lamport time 3"
2021/11/03 19:47:12 0xc0002bc0c0
2021/11/03 19:47:12 2222
2021/11/03 19:47:12 1111
2021/11/03 19:47:12 t:3 sender:"Logger man" message:"Participant Logger man joined Chitty-Chat at Lamport time 3"
2021/11/03 19:47:12 0xc0000ae180
2021/11/03 19:47:12 Received message: t:3 sender:"Logger man" message:"Participant Logger man joined Chitty-Chat at Lamport time 3" 
2021/11/03 19:47:12 2222
2021/11/03 19:47:12 Received message: t:3 sender:"Logger man" message:"Participant Logger man joined Chitty-Chat at Lamport time 3" 
2021/11/03 19:47:24 I received a message
2021/11/03 19:47:24 ----UPDATED LAMPORT TIME: 6 
2021/11/03 19:47:24 [{Mr. Logger 0xc0002bc0c0 connected} {Logger man 0xc0000ae180 connected}]
2021/11/03 19:47:24 1111
2021/11/03 19:47:24 t:6 sender:"Logger man" message:"(Logger man): Hey logger log"
2021/11/03 19:47:24 0xc0002bc0c0
2021/11/03 19:47:24 2222
2021/11/03 19:47:24 1111
2021/11/03 19:47:24 t:6 sender:"Logger man" message:"(Logger man): Hey logger log"
2021/11/03 19:47:24 Received message: t:6 sender:"Logger man" message:"(Logger man): Hey logger log" 
2021/11/03 19:47:24 0xc0000ae180
2021/11/03 19:47:24 2222
2021/11/03 19:47:24 Received message: t:6 sender:"Logger man" message:"(Logger man): Hey logger log" 
